<?xml version="1.0" encoding="UTF-8"?>
<!-- Generated by org.testng.reporters.JUnitReportReporter -->
<testsuite hostname="LAPTOP-NU0FN7VQ" failures="0" tests="2" name="com.mystore.testcases.IndexPageTest" time="9.423" errors="0" timestamp="2022-02-22T10:52:14 EST" skipped="0">
  <testcase classname="com.mystore.testcases.IndexPageTest" name="verifyLogo" time="4.597"/>
  <system-out/>
  <testcase classname="com.mystore.testcases.IndexPageTest" name="verifyTitle" time="4.826"/>
  <system-out/>
</testsuite> <!-- com.mystore.testcases.IndexPageTest -->
