<?xml version="1.0" encoding="UTF-8"?>
<!-- Generated by org.testng.reporters.JUnitReportReporter -->
<testsuite hostname="LAPTOP-NU0FN7VQ" failures="0" tests="2" name="com.mystore.testcases.HomePageTest" time="20.149" errors="0" timestamp="2022-02-22T10:52:14 EST" skipped="0">
  <testcase classname="com.mystore.testcases.HomePageTest" name="verifyMyWishList" time="10.695"/>
  <system-out/>
  <testcase classname="com.mystore.testcases.HomePageTest" name="verifyOrderHistory" time="9.454"/>
  <system-out/>
</testsuite> <!-- com.mystore.testcases.HomePageTest -->
