<?xml version="1.0" encoding="UTF-8"?>
<!-- Generated by org.testng.reporters.JUnitReportReporter -->
<testsuite hostname="LAPTOP-NU0FN7VQ" failures="0" tests="1" name="com.mystore.base.BaseClass" time="14.185" errors="0" timestamp="2022-02-18T07:46:39 EST" skipped="0">
  <testcase classname="com.mystore.base.BaseClass" name="launchApp" time="14.185"/>
  <system-out/>
</testsuite> <!-- com.mystore.base.BaseClass -->
