<?xml version="1.0" encoding="UTF-8"?>
<!-- Generated by org.testng.reporters.JUnitReportReporter -->
<testsuite hostname="LAPTOP-NU0FN7VQ" failures="0" tests="1" name="com.mystore.testcases.SearchResultPageTest" time="6.545" errors="0" timestamp="2022-02-22T10:52:14 EST" skipped="0">
  <testcase classname="com.mystore.testcases.SearchResultPageTest" name="isProductAvailableTest" time="6.545"/>
  <system-out/>
</testsuite> <!-- com.mystore.testcases.SearchResultPageTest -->
